2025-06-12 18:42:41.706 | INFO     | __main__:run:190 - Starting AutoApply.AI workflow
2025-06-12 18:42:41.707 | INFO     | __main__:run:200 - Processing resume: Profile (1).pdf
2025-06-12 18:42:41.708 | INFO     | app.resume.parser:_extract_and_cache_text:113 - Using cached text version from data/cache/Profile (1)_text.txt
2025-06-12 18:42:41.719 | INFO     | __main__:_save_resume_data:120 - Saved parsed resume data to %s
2025-06-12 18:42:41.719 | INFO     | __main__:run:204 - Searching for jobs across all platforms...
2025-06-12 18:42:41.904 | INFO     | __main__:run:206 - Found 41 total jobs
2025-06-12 18:42:41.904 | INFO     | __main__:run:213 - Matching jobs with resume...
2025-06-12 18:42:41.904 | INFO     | __main__:match_jobs:157 - Processing batch 1/14 (1-3 of 41 jobs)
2025-06-12 18:42:41.905 | INFO     | app.matching.matcher:match:125 - Starting to match 3 jobs...
2025-06-12 18:42:41.906 | INFO     | app.matching.matcher:match:164 - Completed matching. Found 3 matches above threshold 0.5
2025-06-12 18:42:43.908 | INFO     | __main__:match_jobs:157 - Processing batch 2/14 (4-6 of 41 jobs)
2025-06-12 18:42:43.908 | INFO     | app.matching.matcher:match:125 - Starting to match 3 jobs...
2025-06-12 18:42:43.910 | INFO     | app.matching.matcher:match:164 - Completed matching. Found 3 matches above threshold 0.5
2025-06-12 18:42:45.915 | INFO     | __main__:match_jobs:157 - Processing batch 3/14 (7-9 of 41 jobs)
2025-06-12 18:42:45.915 | INFO     | app.matching.matcher:match:125 - Starting to match 3 jobs...
2025-06-12 18:42:45.917 | WARNING  | app.matching.matcher:match:145 - Error reading cache: 'score'
2025-06-12 18:42:52.429 | INFO     | app.matching.matcher:match:164 - Completed matching. Found 3 matches above threshold 0.5
2025-06-12 18:42:54.434 | INFO     | __main__:match_jobs:157 - Processing batch 4/14 (10-12 of 41 jobs)
2025-06-12 18:42:54.435 | INFO     | app.matching.matcher:match:125 - Starting to match 3 jobs...
2025-06-12 18:42:54.437 | INFO     | app.matching.matcher:match:164 - Completed matching. Found 3 matches above threshold 0.5
2025-06-12 18:42:56.441 | INFO     | __main__:match_jobs:157 - Processing batch 5/14 (13-15 of 41 jobs)
2025-06-12 18:42:56.442 | INFO     | app.matching.matcher:match:125 - Starting to match 3 jobs...
2025-06-12 18:42:56.444 | INFO     | app.matching.matcher:match:164 - Completed matching. Found 3 matches above threshold 0.5
2025-06-12 18:42:58.444 | INFO     | __main__:match_jobs:157 - Processing batch 6/14 (16-18 of 41 jobs)
2025-06-12 18:42:58.445 | INFO     | app.matching.matcher:match:125 - Starting to match 3 jobs...
2025-06-12 18:42:58.446 | INFO     | app.matching.matcher:match:164 - Completed matching. Found 3 matches above threshold 0.5
2025-06-12 18:43:00.449 | INFO     | __main__:match_jobs:157 - Processing batch 7/14 (19-21 of 41 jobs)
2025-06-12 18:43:00.449 | INFO     | app.matching.matcher:match:125 - Starting to match 3 jobs...
2025-06-12 18:43:00.450 | WARNING  | app.matching.matcher:match:145 - Error reading cache: 'score'
2025-06-12 18:43:02.282 | INFO     | app.matching.matcher:match:164 - Completed matching. Found 3 matches above threshold 0.5
2025-06-12 18:43:04.288 | INFO     | __main__:match_jobs:157 - Processing batch 8/14 (22-24 of 41 jobs)
2025-06-12 18:43:04.289 | INFO     | app.matching.matcher:match:125 - Starting to match 3 jobs...
2025-06-12 18:43:04.293 | INFO     | app.matching.matcher:match:164 - Completed matching. Found 3 matches above threshold 0.5
2025-06-12 18:43:06.298 | INFO     | __main__:match_jobs:157 - Processing batch 9/14 (25-27 of 41 jobs)
2025-06-12 18:43:06.298 | INFO     | app.matching.matcher:match:125 - Starting to match 3 jobs...
2025-06-12 18:43:06.299 | WARNING  | app.matching.matcher:match:145 - Error reading cache: 'score'
2025-06-12 18:43:08.207 | ERROR    | app.matching.matcher:_make_api_call_with_retry:264 - Failed to parse API response as JSON. Error: Expecting value: line 1 column 1 (char 0)
2025-06-12 18:43:08.207 | ERROR    | app.matching.matcher:_make_api_call_with_retry:265 - Response text: Here is the analysis of the match between the resume and job posting:

{
    "score": 0.8,
    "match_reasons": [
        "Strong match in required technical skills (AWS)",
        "Language requirement matches (English)",
        "Job type matches (full_time)",
        "Remote work compatibility matches"
    ],
    "mismatch_reasons": [
        "No experience level specified in the resume",
        "No recent role specified in the resume",
        "Salary expectations not specified in the resume",
        "Location specified in the resume is not remote, but the job is"
    ]
}

Note: The score is 0.8 because the resume matches the required technical skills, language, job type, and remote work compatibility, but lacks information about experience level, recent role, and salary expectations. Additionally, the location specified in the resume is not remote, which might be a concern.
2025-06-12 18:43:08.207 | WARNING  | app.matching.matcher:_make_api_call_with_retry:269 - Retrying in 5 seconds... (1/3)
2025-06-12 18:43:13.896 | INFO     | app.matching.matcher:match:164 - Completed matching. Found 3 matches above threshold 0.5
2025-06-12 18:43:15.899 | INFO     | __main__:match_jobs:157 - Processing batch 10/14 (28-30 of 41 jobs)
2025-06-12 18:43:15.899 | INFO     | app.matching.matcher:match:125 - Starting to match 3 jobs...
2025-06-12 18:43:15.902 | INFO     | app.matching.matcher:match:164 - Completed matching. Found 3 matches above threshold 0.5
2025-06-12 18:43:17.909 | INFO     | __main__:match_jobs:157 - Processing batch 11/14 (31-33 of 41 jobs)
2025-06-12 18:43:17.910 | INFO     | app.matching.matcher:match:125 - Starting to match 3 jobs...
2025-06-12 18:43:17.911 | WARNING  | app.matching.matcher:match:145 - Error reading cache: 'score'
2025-06-12 18:43:19.601 | INFO     | app.matching.matcher:match:164 - Completed matching. Found 3 matches above threshold 0.5
2025-06-12 18:43:21.607 | INFO     | __main__:match_jobs:157 - Processing batch 12/14 (34-36 of 41 jobs)
2025-06-12 18:43:21.607 | INFO     | app.matching.matcher:match:125 - Starting to match 3 jobs...
2025-06-12 18:43:21.610 | INFO     | app.matching.matcher:match:164 - Completed matching. Found 3 matches above threshold 0.5
2025-06-12 18:43:23.615 | INFO     | __main__:match_jobs:157 - Processing batch 13/14 (37-39 of 41 jobs)
2025-06-12 18:43:23.616 | INFO     | app.matching.matcher:match:125 - Starting to match 3 jobs...
2025-06-12 18:43:23.617 | INFO     | app.matching.matcher:match:164 - Completed matching. Found 3 matches above threshold 0.5
2025-06-12 18:43:25.628 | INFO     | __main__:match_jobs:157 - Processing batch 14/14 (40-41 of 41 jobs)
2025-06-12 18:43:25.629 | INFO     | app.matching.matcher:match:125 - Starting to match 2 jobs...
2025-06-12 18:43:25.631 | WARNING  | app.matching.matcher:match:145 - Error reading cache: 'score'
2025-06-12 18:43:27.377 | INFO     | app.matching.matcher:match:164 - Completed matching. Found 2 matches above threshold 0.5
2025-06-12 18:43:27.377 | INFO     | __main__:run:215 - Found 41 matching jobs
2025-06-12 18:43:27.378 | INFO     | __main__:save_results:299 - Saved matching results to data/results/matches_Profile (1)_20250612_184327.txt
2025-06-12 18:43:27.378 | INFO     | __main__:run:229 - Auto-apply is disabled. Review the matches and enable auto-apply in config.py to apply automatically.
2025-06-12 18:43:27.378 | INFO     | __main__:run:231 - AutoApply.AI workflow completed successfully
