2025-06-12 10:19:34.877 | INFO     | __main__:run:185 - Starting AutoApply.AI workflow
2025-06-12 10:19:34.878 | INFO     | __main__:run:195 - Processing resume: Profile (1).pdf
2025-06-12 10:19:34.878 | INFO     | app.resume.parser:_extract_and_cache_text:113 - Using cached text version from data/cache/Profile (1)_text.txt
2025-06-12 10:19:34.888 | INFO     | __main__:_save_resume_data:115 - Saved parsed resume data to %s
2025-06-12 10:19:34.888 | INFO     | __main__:run:199 - Searching for jobs across all platforms...
2025-06-12 10:19:35.052 | INFO     | __main__:run:201 - Found 41 total jobs
2025-06-12 10:19:35.052 | INFO     | __main__:run:208 - Matching jobs with resume...
2025-06-12 10:19:35.052 | INFO     | __main__:match_jobs:149 - Processing batch 1/9
2025-06-12 10:19:35.053 | INFO     | app.matching.matcher:match:122 - Starting to match 5 jobs...
2025-06-12 10:19:35.055 | INFO     | app.matching.matcher:match:139 - Processed 5/5 jobs (100.0%)
2025-06-12 10:19:35.055 | INFO     | app.matching.matcher:match:161 - Completed matching. Found 0 matches above threshold 0.7
2025-06-12 10:19:35.055 | INFO     | __main__:match_jobs:149 - Processing batch 2/9
2025-06-12 10:19:35.055 | INFO     | app.matching.matcher:match:122 - Starting to match 5 jobs...
2025-06-12 10:19:35.057 | INFO     | app.matching.matcher:match:139 - Processed 5/5 jobs (100.0%)
2025-06-12 10:19:35.057 | INFO     | app.matching.matcher:match:161 - Completed matching. Found 2 matches above threshold 0.7
2025-06-12 10:19:35.057 | INFO     | __main__:match_jobs:149 - Processing batch 3/9
2025-06-12 10:19:35.057 | INFO     | app.matching.matcher:match:122 - Starting to match 5 jobs...
2025-06-12 10:19:36.058 | ERROR    | app.matching.matcher:_make_api_call_with_retry:242 - Failed to parse API response as JSON
2025-06-12 10:19:36.058 | WARNING  | app.matching.matcher:_make_api_call_with_retry:246 - Retrying in 5 seconds... (1/3)
2025-06-12 10:19:42.176 | ERROR    | app.matching.matcher:_make_api_call_with_retry:242 - Failed to parse API response as JSON
2025-06-12 10:19:42.177 | WARNING  | app.matching.matcher:_make_api_call_with_retry:246 - Retrying in 10 seconds... (2/3)
2025-06-12 10:19:53.181 | ERROR    | app.matching.matcher:_make_api_call_with_retry:242 - Failed to parse API response as JSON
2025-06-12 10:19:53.184 | ERROR    | app.matching.matcher:_evaluate_match:171 - Error in API response: Failed to parse response as JSON
2025-06-12 10:20:00.021 | INFO     | app.matching.matcher:match:153 - Processed 5/5 jobs (100.0%)
2025-06-12 10:20:00.021 | INFO     | app.matching.matcher:match:161 - Completed matching. Found 4 matches above threshold 0.7
2025-06-12 10:20:00.021 | INFO     | __main__:match_jobs:149 - Processing batch 4/9
2025-06-12 10:20:00.021 | INFO     | app.matching.matcher:match:122 - Starting to match 5 jobs...
2025-06-12 10:20:07.641 | INFO     | app.matching.matcher:wait_if_needed:58 - Processed 10 API calls
2025-06-12 10:20:08.660 | ERROR    | app.matching.matcher:_make_api_call_with_retry:242 - Failed to parse API response as JSON
2025-06-12 10:20:08.661 | WARNING  | app.matching.matcher:_make_api_call_with_retry:246 - Retrying in 5 seconds... (1/3)
2025-06-12 10:20:15.095 | ERROR    | app.matching.matcher:_make_api_call_with_retry:242 - Failed to parse API response as JSON
2025-06-12 10:20:15.095 | WARNING  | app.matching.matcher:_make_api_call_with_retry:246 - Retrying in 10 seconds... (2/3)
2025-06-12 10:20:26.302 | ERROR    | app.matching.matcher:_make_api_call_with_retry:242 - Failed to parse API response as JSON
2025-06-12 10:20:26.304 | ERROR    | app.matching.matcher:_evaluate_match:171 - Error in API response: Failed to parse response as JSON
2025-06-12 10:20:26.304 | INFO     | app.matching.matcher:match:153 - Processed 5/5 jobs (100.0%)
2025-06-12 10:20:26.305 | INFO     | app.matching.matcher:match:161 - Completed matching. Found 3 matches above threshold 0.7
2025-06-12 10:20:26.305 | INFO     | __main__:match_jobs:149 - Processing batch 5/9
2025-06-12 10:20:26.306 | INFO     | app.matching.matcher:match:122 - Starting to match 5 jobs...
2025-06-12 10:20:26.309 | INFO     | app.matching.matcher:wait_if_needed:47 - Rate limit reached. Waiting 8.7 seconds...
2025-06-12 10:20:35.913 | INFO     | app.matching.matcher:wait_if_needed:47 - Rate limit reached. Waiting 17.3 seconds...
2025-06-12 10:20:54.384 | ERROR    | app.matching.matcher:_make_api_call_with_retry:242 - Failed to parse API response as JSON
2025-06-12 10:20:54.384 | WARNING  | app.matching.matcher:_make_api_call_with_retry:246 - Retrying in 5 seconds... (1/3)
2025-06-12 10:21:00.395 | ERROR    | app.matching.matcher:_make_api_call_with_retry:242 - Failed to parse API response as JSON
2025-06-12 10:21:00.396 | WARNING  | app.matching.matcher:_make_api_call_with_retry:246 - Retrying in 10 seconds... (2/3)
2025-06-12 10:21:13.545 | ERROR    | app.matching.matcher:_make_api_call_with_retry:242 - Failed to parse API response as JSON
2025-06-12 10:21:13.548 | WARNING  | app.matching.matcher:_make_api_call_with_retry:246 - Retrying in 5 seconds... (1/3)
2025-06-12 10:21:21.965 | ERROR    | app.matching.matcher:_make_api_call_with_retry:242 - Failed to parse API response as JSON
2025-06-12 10:21:21.966 | WARNING  | app.matching.matcher:_make_api_call_with_retry:246 - Retrying in 5 seconds... (1/3)
2025-06-12 10:21:27.688 | ERROR    | app.matching.matcher:_make_api_call_with_retry:242 - Failed to parse API response as JSON
2025-06-12 10:21:27.690 | WARNING  | app.matching.matcher:_make_api_call_with_retry:246 - Retrying in 10 seconds... (2/3)
2025-06-12 10:21:38.684 | ERROR    | app.matching.matcher:_make_api_call_with_retry:242 - Failed to parse API response as JSON
2025-06-12 10:21:38.685 | ERROR    | app.matching.matcher:_evaluate_match:171 - Error in API response: Failed to parse response as JSON
2025-06-12 10:21:40.703 | ERROR    | app.matching.matcher:_make_api_call_with_retry:242 - Failed to parse API response as JSON
2025-06-12 10:21:40.703 | WARNING  | app.matching.matcher:_make_api_call_with_retry:246 - Retrying in 5 seconds... (1/3)
2025-06-12 10:21:46.635 | ERROR    | app.matching.matcher:_make_api_call_with_retry:242 - Failed to parse API response as JSON
2025-06-12 10:21:46.635 | WARNING  | app.matching.matcher:_make_api_call_with_retry:246 - Retrying in 10 seconds... (2/3)
2025-06-12 10:21:57.685 | ERROR    | app.matching.matcher:_make_api_call_with_retry:242 - Failed to parse API response as JSON
2025-06-12 10:21:57.686 | ERROR    | app.matching.matcher:_evaluate_match:171 - Error in API response: Failed to parse response as JSON
2025-06-12 10:21:57.686 | INFO     | app.matching.matcher:match:153 - Processed 5/5 jobs (100.0%)
2025-06-12 10:21:57.686 | INFO     | app.matching.matcher:match:161 - Completed matching. Found 3 matches above threshold 0.7
2025-06-12 10:21:57.686 | INFO     | __main__:match_jobs:149 - Processing batch 6/9
2025-06-12 10:21:57.686 | INFO     | app.matching.matcher:match:122 - Starting to match 5 jobs...
2025-06-12 10:22:02.778 | ERROR    | app.matching.matcher:_make_api_call_with_retry:242 - Failed to parse API response as JSON
2025-06-12 10:22:02.779 | WARNING  | app.matching.matcher:_make_api_call_with_retry:246 - Retrying in 5 seconds... (1/3)
2025-06-12 10:22:08.803 | ERROR    | app.matching.matcher:_make_api_call_with_retry:242 - Failed to parse API response as JSON
2025-06-12 10:22:08.804 | WARNING  | app.matching.matcher:_make_api_call_with_retry:246 - Retrying in 10 seconds... (2/3)
2025-06-12 10:22:21.592 | ERROR    | app.matching.matcher:_make_api_call_with_retry:242 - Failed to parse API response as JSON
2025-06-12 10:22:21.592 | WARNING  | app.matching.matcher:_make_api_call_with_retry:246 - Retrying in 5 seconds... (1/3)
2025-06-12 10:22:28.410 | INFO     | app.matching.matcher:wait_if_needed:58 - Processed 20 API calls
2025-06-12 10:22:29.051 | INFO     | app.matching.matcher:match:153 - Processed 5/5 jobs (100.0%)
2025-06-12 10:22:29.051 | INFO     | app.matching.matcher:match:161 - Completed matching. Found 5 matches above threshold 0.7
2025-06-12 10:22:29.051 | INFO     | __main__:match_jobs:149 - Processing batch 7/9
2025-06-12 10:22:29.051 | INFO     | app.matching.matcher:match:122 - Starting to match 5 jobs...
2025-06-12 10:22:31.465 | ERROR    | app.matching.matcher:_make_api_call_with_retry:242 - Failed to parse API response as JSON
2025-06-12 10:22:31.465 | WARNING  | app.matching.matcher:_make_api_call_with_retry:246 - Retrying in 5 seconds... (1/3)
2025-06-12 10:22:42.419 | ERROR    | app.matching.matcher:_make_api_call_with_retry:242 - Failed to parse API response as JSON
2025-06-12 10:22:42.420 | WARNING  | app.matching.matcher:_make_api_call_with_retry:246 - Retrying in 5 seconds... (1/3)
2025-06-12 10:22:48.534 | ERROR    | app.matching.matcher:_make_api_call_with_retry:242 - Failed to parse API response as JSON
2025-06-12 10:22:48.535 | WARNING  | app.matching.matcher:_make_api_call_with_retry:246 - Retrying in 10 seconds... (2/3)
2025-06-12 10:23:00.988 | ERROR    | app.matching.matcher:_make_api_call_with_retry:242 - Failed to parse API response as JSON
2025-06-12 10:23:00.988 | WARNING  | app.matching.matcher:_make_api_call_with_retry:246 - Retrying in 5 seconds... (1/3)
2025-06-12 10:23:07.500 | ERROR    | app.matching.matcher:_make_api_call_with_retry:242 - Failed to parse API response as JSON
2025-06-12 10:23:07.500 | WARNING  | app.matching.matcher:_make_api_call_with_retry:246 - Retrying in 10 seconds... (2/3)
2025-06-12 10:23:19.215 | ERROR    | app.matching.matcher:_make_api_call_with_retry:242 - Failed to parse API response as JSON
2025-06-12 10:23:19.215 | ERROR    | app.matching.matcher:_evaluate_match:171 - Error in API response: Failed to parse response as JSON
2025-06-12 10:23:19.215 | INFO     | app.matching.matcher:match:153 - Processed 5/5 jobs (100.0%)
2025-06-12 10:23:19.215 | INFO     | app.matching.matcher:match:161 - Completed matching. Found 4 matches above threshold 0.7
2025-06-12 10:23:19.215 | INFO     | __main__:match_jobs:149 - Processing batch 8/9
2025-06-12 10:23:19.215 | INFO     | app.matching.matcher:match:122 - Starting to match 5 jobs...
2025-06-12 10:23:21.234 | ERROR    | app.matching.matcher:_make_api_call_with_retry:242 - Failed to parse API response as JSON
2025-06-12 10:23:21.234 | WARNING  | app.matching.matcher:_make_api_call_with_retry:246 - Retrying in 5 seconds... (1/3)
2025-06-12 10:23:32.346 | ERROR    | app.matching.matcher:_make_api_call_with_retry:242 - Failed to parse API response as JSON
2025-06-12 10:23:32.346 | WARNING  | app.matching.matcher:_make_api_call_with_retry:246 - Retrying in 5 seconds... (1/3)
2025-06-12 10:23:39.127 | ERROR    | app.matching.matcher:_make_api_call_with_retry:242 - Failed to parse API response as JSON
2025-06-12 10:23:39.127 | WARNING  | app.matching.matcher:_make_api_call_with_retry:246 - Retrying in 10 seconds... (2/3)
2025-06-12 10:23:50.092 | ERROR    | app.matching.matcher:_make_api_call_with_retry:242 - Failed to parse API response as JSON
2025-06-12 10:23:50.094 | ERROR    | app.matching.matcher:_evaluate_match:171 - Error in API response: Failed to parse response as JSON
2025-06-12 10:23:51.097 | INFO     | app.matching.matcher:wait_if_needed:58 - Processed 30 API calls
2025-06-12 10:23:51.780 | ERROR    | app.matching.matcher:_make_api_call_with_retry:242 - Failed to parse API response as JSON
2025-06-12 10:23:51.780 | WARNING  | app.matching.matcher:_make_api_call_with_retry:246 - Retrying in 5 seconds... (1/3)
2025-06-12 10:23:57.720 | ERROR    | app.matching.matcher:_make_api_call_with_retry:242 - Failed to parse API response as JSON
2025-06-12 10:23:57.720 | WARNING  | app.matching.matcher:_make_api_call_with_retry:246 - Retrying in 10 seconds... (2/3)
2025-06-12 10:24:08.557 | INFO     | app.matching.matcher:match:153 - Processed 5/5 jobs (100.0%)
2025-06-12 10:24:08.557 | INFO     | app.matching.matcher:match:161 - Completed matching. Found 4 matches above threshold 0.7
2025-06-12 10:24:08.558 | INFO     | __main__:match_jobs:149 - Processing batch 9/9
2025-06-12 10:24:08.558 | INFO     | app.matching.matcher:match:122 - Starting to match 1 jobs...
2025-06-12 10:24:10.542 | ERROR    | app.matching.matcher:_make_api_call_with_retry:242 - Failed to parse API response as JSON
2025-06-12 10:24:10.542 | WARNING  | app.matching.matcher:_make_api_call_with_retry:246 - Retrying in 5 seconds... (1/3)
2025-06-12 10:24:16.641 | ERROR    | app.matching.matcher:_make_api_call_with_retry:242 - Failed to parse API response as JSON
2025-06-12 10:24:16.642 | WARNING  | app.matching.matcher:_make_api_call_with_retry:246 - Retrying in 10 seconds... (2/3)
2025-06-12 10:24:27.739 | ERROR    | app.matching.matcher:_make_api_call_with_retry:242 - Failed to parse API response as JSON
2025-06-12 10:24:27.740 | ERROR    | app.matching.matcher:_evaluate_match:171 - Error in API response: Failed to parse response as JSON
2025-06-12 10:24:27.740 | INFO     | app.matching.matcher:match:161 - Completed matching. Found 0 matches above threshold 0.7
2025-06-12 10:24:27.740 | INFO     | __main__:run:210 - Found 25 matching jobs
2025-06-12 10:24:27.743 | ERROR    | __main__:save_results:319 - Error saving results: 'MatchResult' object has no attribute 'mismatch_reasons'
2025-06-12 10:24:27.743 | ERROR    | __main__:run:229 - Error in AutoApply.AI workflow: 'MatchResult' object has no attribute 'mismatch_reasons'
2025-06-12 10:24:27.743 | ERROR    | __main__:main:334 - Application error: 'MatchResult' object has no attribute 'mismatch_reasons'
