2025-06-12 18:10:48.873 | INFO     | __main__:run:186 - Starting AutoApply.AI workflow
2025-06-12 18:10:48.873 | INFO     | __main__:run:196 - Processing resume: Profile (1).pdf
2025-06-12 18:10:48.873 | INFO     | app.resume.parser:_extract_and_cache_text:113 - Using cached text version from data/cache/Profile (1)_text.txt
2025-06-12 18:10:48.884 | INFO     | __main__:_save_resume_data:116 - Saved parsed resume data to %s
2025-06-12 18:10:48.884 | INFO     | __main__:run:200 - Searching for jobs across all platforms...
2025-06-12 18:10:53.024 | INFO     | __main__:run:202 - Found 41 total jobs
2025-06-12 18:10:53.024 | INFO     | __main__:run:209 - Matching jobs with resume...
2025-06-12 18:10:53.024 | INFO     | __main__:match_jobs:153 - Processing batch 1/14 (1-3 of 41 jobs)
2025-06-12 18:10:53.025 | INFO     | app.matching.matcher:match:122 - Starting to match 3 jobs...
2025-06-12 18:10:53.026 | INFO     | app.matching.matcher:match:161 - Completed matching. Found 0 matches above threshold 0.7
2025-06-12 18:10:55.026 | INFO     | __main__:match_jobs:153 - Processing batch 2/14 (4-6 of 41 jobs)
2025-06-12 18:10:55.026 | INFO     | app.matching.matcher:match:122 - Starting to match 3 jobs...
2025-06-12 18:10:55.028 | INFO     | app.matching.matcher:match:161 - Completed matching. Found 0 matches above threshold 0.7
2025-06-12 18:10:57.032 | INFO     | __main__:match_jobs:153 - Processing batch 3/14 (7-9 of 41 jobs)
2025-06-12 18:10:57.032 | INFO     | app.matching.matcher:match:122 - Starting to match 3 jobs...
2025-06-12 18:10:57.034 | INFO     | app.matching.matcher:match:161 - Completed matching. Found 2 matches above threshold 0.7
2025-06-12 18:10:59.040 | INFO     | __main__:match_jobs:153 - Processing batch 4/14 (10-12 of 41 jobs)
2025-06-12 18:10:59.041 | INFO     | app.matching.matcher:match:122 - Starting to match 3 jobs...
2025-06-12 18:10:59.044 | INFO     | app.matching.matcher:match:161 - Completed matching. Found 2 matches above threshold 0.7
2025-06-12 18:11:01.046 | INFO     | __main__:match_jobs:153 - Processing batch 5/14 (13-15 of 41 jobs)
2025-06-12 18:11:01.047 | INFO     | app.matching.matcher:match:122 - Starting to match 3 jobs...
2025-06-12 18:11:01.052 | INFO     | app.matching.matcher:match:161 - Completed matching. Found 3 matches above threshold 0.7
2025-06-12 18:11:03.057 | INFO     | __main__:match_jobs:153 - Processing batch 6/14 (16-18 of 41 jobs)
2025-06-12 18:11:03.058 | INFO     | app.matching.matcher:match:122 - Starting to match 3 jobs...
2025-06-12 18:11:03.060 | INFO     | app.matching.matcher:match:161 - Completed matching. Found 2 matches above threshold 0.7
2025-06-12 18:11:05.060 | INFO     | __main__:match_jobs:153 - Processing batch 7/14 (19-21 of 41 jobs)
2025-06-12 18:11:05.060 | INFO     | app.matching.matcher:match:122 - Starting to match 3 jobs...
2025-06-12 18:11:05.063 | INFO     | app.matching.matcher:match:161 - Completed matching. Found 3 matches above threshold 0.7
2025-06-12 18:11:07.068 | INFO     | __main__:match_jobs:153 - Processing batch 8/14 (22-24 of 41 jobs)
2025-06-12 18:11:07.069 | INFO     | app.matching.matcher:match:122 - Starting to match 3 jobs...
2025-06-12 18:11:07.073 | INFO     | app.matching.matcher:match:161 - Completed matching. Found 3 matches above threshold 0.7
2025-06-12 18:11:09.078 | INFO     | __main__:match_jobs:153 - Processing batch 9/14 (25-27 of 41 jobs)
2025-06-12 18:11:09.079 | INFO     | app.matching.matcher:match:122 - Starting to match 3 jobs...
2025-06-12 18:11:09.082 | INFO     | app.matching.matcher:match:161 - Completed matching. Found 3 matches above threshold 0.7
2025-06-12 18:11:11.088 | INFO     | __main__:match_jobs:153 - Processing batch 10/14 (28-30 of 41 jobs)
2025-06-12 18:11:11.090 | INFO     | app.matching.matcher:match:122 - Starting to match 3 jobs...
2025-06-12 18:11:11.094 | INFO     | app.matching.matcher:match:161 - Completed matching. Found 3 matches above threshold 0.7
2025-06-12 18:11:13.100 | INFO     | __main__:match_jobs:153 - Processing batch 11/14 (31-33 of 41 jobs)
2025-06-12 18:11:13.100 | INFO     | app.matching.matcher:match:122 - Starting to match 3 jobs...
2025-06-12 18:11:13.101 | INFO     | app.matching.matcher:match:161 - Completed matching. Found 3 matches above threshold 0.7
2025-06-12 18:11:15.105 | INFO     | __main__:match_jobs:153 - Processing batch 12/14 (34-36 of 41 jobs)
2025-06-12 18:11:15.106 | INFO     | app.matching.matcher:match:122 - Starting to match 3 jobs...
2025-06-12 18:11:15.111 | INFO     | app.matching.matcher:match:161 - Completed matching. Found 3 matches above threshold 0.7
2025-06-12 18:11:17.111 | INFO     | __main__:match_jobs:153 - Processing batch 13/14 (37-39 of 41 jobs)
2025-06-12 18:11:17.112 | INFO     | app.matching.matcher:match:122 - Starting to match 3 jobs...
2025-06-12 18:11:17.115 | INFO     | app.matching.matcher:match:161 - Completed matching. Found 3 matches above threshold 0.7
2025-06-12 18:11:19.118 | INFO     | __main__:match_jobs:153 - Processing batch 14/14 (40-41 of 41 jobs)
2025-06-12 18:11:19.122 | INFO     | app.matching.matcher:match:122 - Starting to match 2 jobs...
2025-06-12 18:11:20.211 | ERROR    | app.matching.matcher:_make_api_call_with_retry:261 - Failed to parse API response as JSON. Error: Expecting value: line 1 column 1 (char 0)
2025-06-12 18:11:20.211 | ERROR    | app.matching.matcher:_make_api_call_with_retry:262 - Response text: Here is the analysis of the match between the resume and job posting:

{
    "score": 0.7,
    "match_reasons": [
        "Strong match in required technical skills (python)",
        "Experience level aligns well with Senior Software Engineer role",
        "Location/remote work arrangement matches"
    ],
    "mismatch_reasons": [
        "Missing experience with C++",
        "Lack of specific experience with Registry domain",
        "No information about salary expectations, but the job posting mentions competitive salary and equity"
    ]
}

Note: The score is based on the factors mentioned, and it's a subjective evaluation. The match reasons and mismatch reasons are based on the provided data.
2025-06-12 18:11:20.212 | WARNING  | app.matching.matcher:_make_api_call_with_retry:266 - Retrying in 5 seconds... (1/3)
2025-06-12 18:11:25.927 | INFO     | app.matching.matcher:match:161 - Completed matching. Found 2 matches above threshold 0.7
2025-06-12 18:11:25.928 | INFO     | __main__:run:211 - Found 32 matching jobs
2025-06-12 18:11:25.933 | ERROR    | __main__:save_results:320 - Error saving results: 'MatchResult' object has no attribute 'mismatch_reasons'
2025-06-12 18:11:25.933 | ERROR    | __main__:run:230 - Error in AutoApply.AI workflow: 'MatchResult' object has no attribute 'mismatch_reasons'
2025-06-12 18:11:25.933 | ERROR    | __main__:main:335 - Application error: 'MatchResult' object has no attribute 'mismatch_reasons'
